{"timestamp": "2025-07-04 09:00:07", "logger": "uv_example", "level": "INFO", "message": "Mongodb Connection Sucessfull", "pathname": "D:\\1_Playground\\uv_example\\app\\db\\mongodb.py", "funcName": "initialise_mongo", "lineno": 24}
{"timestamp": "2025-07-04 09:02:30", "logger": "uv_example", "level": "INFO", "message": "Mongodb Connection Sucessfull", "pathname": "D:\\1_Playground\\uv_example\\app\\db\\mongodb.py", "funcName": "initialise_mongo", "lineno": 24}
{"timestamp": "2025-07-04 09:32:03", "logger": "uv_example", "level": "INFO", "message": "", "pathname": "D:\\1_Playground\\uv_example\\app\\main.py", "funcName": "processing_time", "lineno": 87}
{"timestamp": "2025-07-04 09:32:03", "logger": "uv_example", "level": "INFO", "message": "GET http://localhost:8000/docs processed in  0.004314", "pathname": "D:\\1_Playground\\uv_example\\app\\main.py", "funcName": "processing_time", "lineno": 97}
{"timestamp": "2025-07-04 09:32:03", "logger": "uv_example", "level": "INFO", "message": "Request parameters are: ", "pathname": "D:\\1_Playground\\uv_example\\app\\main.py", "funcName": "processing_time", "lineno": 98}
{"timestamp": "2025-07-04 09:32:03", "logger": "uv_example", "level": "INFO", "message": "", "pathname": "D:\\1_Playground\\uv_example\\app\\main.py", "funcName": "processing_time", "lineno": 87}
{"timestamp": "2025-07-04 09:32:03", "logger": "uv_example", "level": "INFO", "message": "GET http://localhost:8000/openapi.json processed in  0.014058", "pathname": "D:\\1_Playground\\uv_example\\app\\main.py", "funcName": "processing_time", "lineno": 97}
{"timestamp": "2025-07-04 09:32:03", "logger": "uv_example", "level": "INFO", "message": "Request parameters are: ", "pathname": "D:\\1_Playground\\uv_example\\app\\main.py", "funcName": "processing_time", "lineno": 98}
{"timestamp": "2025-07-04 09:32:15", "logger": "uv_example", "level": "INFO", "message": "", "pathname": "D:\\1_Playground\\uv_example\\app\\main.py", "funcName": "processing_time", "lineno": 87}
{"timestamp": "2025-07-04 09:32:15", "logger": "uv_example", "level": "INFO", "message": "GET http://localhost:8000/metrics processed in  0.064729", "pathname": "D:\\1_Playground\\uv_example\\app\\main.py", "funcName": "processing_time", "lineno": 97}
{"timestamp": "2025-07-04 09:32:15", "logger": "uv_example", "level": "INFO", "message": "Request parameters are: ", "pathname": "D:\\1_Playground\\uv_example\\app\\main.py", "funcName": "processing_time", "lineno": 98}
{"timestamp": "2025-07-04 09:41:02", "logger": "uv_example", "level": "INFO", "message": "", "pathname": "D:\\1_Playground\\uv_example\\app\\main.py", "funcName": "processing_time", "lineno": 87}
{"timestamp": "2025-07-04 09:41:02", "logger": "uv_example", "level": "INFO", "message": "GET http://localhost:8000/openapi.json processed in  0.001837", "pathname": "D:\\1_Playground\\uv_example\\app\\main.py", "funcName": "processing_time", "lineno": 97}
{"timestamp": "2025-07-04 09:41:02", "logger": "uv_example", "level": "INFO", "message": "Request parameters are: ", "pathname": "D:\\1_Playground\\uv_example\\app\\main.py", "funcName": "processing_time", "lineno": 98}
{"timestamp": "2025-07-04 09:41:03", "logger": "uv_example", "level": "INFO", "message": "", "pathname": "D:\\1_Playground\\uv_example\\app\\main.py", "funcName": "processing_time", "lineno": 87}
{"timestamp": "2025-07-04 09:41:03", "logger": "uv_example", "level": "INFO", "message": "GET http://localhost:8000/favicon.ico processed in  0.002304", "pathname": "D:\\1_Playground\\uv_example\\app\\main.py", "funcName": "processing_time", "lineno": 97}
{"timestamp": "2025-07-04 09:41:03", "logger": "uv_example", "level": "INFO", "message": "Request parameters are: ", "pathname": "D:\\1_Playground\\uv_example\\app\\main.py", "funcName": "processing_time", "lineno": 98}
{"timestamp": "2025-07-04 09:53:34", "logger": "uv_example", "level": "INFO", "message": "Mongo Connnection Close Sucessfully", "pathname": "D:\\1_Playground\\uv_example\\app\\db\\mongodb.py", "funcName": "close_mongo_connection", "lineno": 40}
{"timestamp": "2025-07-04 09:53:48", "logger": "uv_example", "level": "INFO", "message": "Mongodb Connection Sucessfull", "pathname": "D:\\1_Playground\\uv_example\\app\\db\\mongodb.py", "funcName": "initialise_mongo", "lineno": 24}
{"timestamp": "2025-07-04 10:16:20", "logger": "uv_example", "level": "INFO", "message": "Skipping body logging for file upload", "pathname": "D:\\1_Playground\\uv_example\\app\\main.py", "funcName": "processing_time", "lineno": 83}
{"timestamp": "2025-07-04 10:24:56", "logger": "uv_example", "level": "INFO", "message": "POST http://localhost:8000/upload_file processed in  516.361189", "pathname": "D:\\1_Playground\\uv_example\\app\\main.py", "funcName": "processing_time", "lineno": 97}
{"timestamp": "2025-07-04 10:24:56", "logger": "uv_example", "level": "INFO", "message": "Request parameters are: <File upload - not read>", "pathname": "D:\\1_Playground\\uv_example\\app\\main.py", "funcName": "processing_time", "lineno": 98}
{"timestamp": "2025-07-04 10:26:15", "logger": "uv_example", "level": "INFO", "message": "Mongodb Connection Sucessfull", "pathname": "D:\\1_Playground\\uv_example\\app\\db\\mongodb.py", "funcName": "initialise_mongo", "lineno": 24}
{"timestamp": "2025-07-04 10:26:48", "logger": "uv_example", "level": "INFO", "message": "Skipping body logging for file upload", "pathname": "D:\\1_Playground\\uv_example\\app\\main.py", "funcName": "processing_time", "lineno": 83}
{"timestamp": "2025-07-04 10:32:31", "logger": "uv_example", "level": "INFO", "message": "POST http://localhost:8000/upload_file processed in  342.611611", "pathname": "D:\\1_Playground\\uv_example\\app\\main.py", "funcName": "processing_time", "lineno": 97}
{"timestamp": "2025-07-04 10:32:31", "logger": "uv_example", "level": "INFO", "message": "Request parameters are: <File upload - not read>", "pathname": "D:\\1_Playground\\uv_example\\app\\main.py", "funcName": "processing_time", "lineno": 98}
{"timestamp": "2025-07-04 10:32:31", "logger": "uv_example", "level": "INFO", "message": "Mongo Connnection Close Sucessfully", "pathname": "D:\\1_Playground\\uv_example\\app\\db\\mongodb.py", "funcName": "close_mongo_connection", "lineno": 40}
{"timestamp": "2025-07-04 10:33:30", "logger": "uv_example", "level": "INFO", "message": "Mongodb Connection Sucessfull", "pathname": "D:\\1_Playground\\uv_example\\app\\db\\mongodb.py", "funcName": "initialise_mongo", "lineno": 24}
{"timestamp": "2025-07-04 10:33:50", "logger": "uv_example", "level": "INFO", "message": "Mongodb Connection Sucessfull", "pathname": "D:\\1_Playground\\uv_example\\app\\db\\mongodb.py", "funcName": "initialise_mongo", "lineno": 24}
{"timestamp": "2025-07-04 10:34:10", "logger": "uv_example", "level": "INFO", "message": "Mongo Connnection Close Sucessfully", "pathname": "D:\\1_Playground\\uv_example\\app\\db\\mongodb.py", "funcName": "close_mongo_connection", "lineno": 40}
{"timestamp": "2025-07-04 10:34:24", "logger": "uv_example", "level": "INFO", "message": "Mongodb Connection Sucessfull", "pathname": "D:\\1_Playground\\uv_example\\app\\db\\mongodb.py", "funcName": "initialise_mongo", "lineno": 24}
{"timestamp": "2025-07-04 10:34:43", "logger": "uv_example", "level": "INFO", "message": "Mongodb Connection Sucessfull", "pathname": "D:\\1_Playground\\uv_example\\app\\db\\mongodb.py", "funcName": "initialise_mongo", "lineno": 24}
{"timestamp": "2025-07-04 10:35:22", "logger": "uv_example", "level": "INFO", "message": "Skipping body logging for file upload", "pathname": "D:\\1_Playground\\uv_example\\app\\main.py", "funcName": "processing_time", "lineno": 83}
{"timestamp": "2025-07-04 10:36:12", "logger": "uv_example", "level": "INFO", "message": "POST http://localhost:8000/upload_file processed in  48.782497", "pathname": "D:\\1_Playground\\uv_example\\app\\main.py", "funcName": "processing_time", "lineno": 97}
{"timestamp": "2025-07-04 10:36:13", "logger": "uv_example", "level": "INFO", "message": "Request parameters are: <File upload - not read>", "pathname": "D:\\1_Playground\\uv_example\\app\\main.py", "funcName": "processing_time", "lineno": 98}
{"timestamp": "2025-07-04 10:38:07", "logger": "uv_example", "level": "INFO", "message": "Mongo Connnection Close Sucessfully", "pathname": "D:\\1_Playground\\uv_example\\app\\db\\mongodb.py", "funcName": "close_mongo_connection", "lineno": 40}
{"timestamp": "2025-07-04 10:38:22", "logger": "uv_example", "level": "INFO", "message": "Mongodb Connection Sucessfull", "pathname": "D:\\1_Playground\\uv_example\\app\\db\\mongodb.py", "funcName": "initialise_mongo", "lineno": 24}
{"timestamp": "2025-07-04 10:38:50", "logger": "uv_example", "level": "INFO", "message": "Mongodb Connection Sucessfull", "pathname": "D:\\1_Playground\\uv_example\\app\\db\\mongodb.py", "funcName": "initialise_mongo", "lineno": 24}
{"timestamp": "2025-07-04 10:41:37", "logger": "uv_example", "level": "INFO", "message": "Mongodb Connection Sucessfull", "pathname": "D:\\1_Playground\\uv_example\\app\\db\\mongodb.py", "funcName": "initialise_mongo", "lineno": 24}
{"timestamp": "2025-07-04 10:42:01", "logger": "uv_example", "level": "INFO", "message": "Mongodb Connection Sucessfull", "pathname": "D:\\1_Playground\\uv_example\\app\\db\\mongodb.py", "funcName": "initialise_mongo", "lineno": 24}
{"timestamp": "2025-07-04 10:42:28", "logger": "uv_example", "level": "INFO", "message": "Mongodb Connection Sucessfull", "pathname": "D:\\1_Playground\\uv_example\\app\\db\\mongodb.py", "funcName": "initialise_mongo", "lineno": 24}
{"timestamp": "2025-07-04 10:42:48", "logger": "uv_example", "level": "INFO", "message": "Mongodb Connection Sucessfull", "pathname": "D:\\1_Playground\\uv_example\\app\\db\\mongodb.py", "funcName": "initialise_mongo", "lineno": 24}
{"timestamp": "2025-07-04 10:43:16", "logger": "uv_example", "level": "INFO", "message": "Mongodb Connection Sucessfull", "pathname": "D:\\1_Playground\\uv_example\\app\\db\\mongodb.py", "funcName": "initialise_mongo", "lineno": 24}
{"timestamp": "2025-07-04 10:44:11", "logger": "uv_example", "level": "INFO", "message": "Mongodb Connection Sucessfull", "pathname": "D:\\1_Playground\\uv_example\\app\\db\\mongodb.py", "funcName": "initialise_mongo", "lineno": 24}
{"timestamp": "2025-07-04 10:44:31", "logger": "uv_example", "level": "INFO", "message": "Mongodb Connection Sucessfull", "pathname": "D:\\1_Playground\\uv_example\\app\\db\\mongodb.py", "funcName": "initialise_mongo", "lineno": 24}
{"timestamp": "2025-07-04 10:45:22", "logger": "uv_example", "level": "INFO", "message": "Skipping body logging for file upload", "pathname": "D:\\1_Playground\\uv_example\\app\\main.py", "funcName": "processing_time", "lineno": 83}
{"timestamp": "2025-07-04 10:49:24", "logger": "uv_example", "level": "INFO", "message": "POST http://localhost:8000/upload_file processed in  241.904044", "pathname": "D:\\1_Playground\\uv_example\\app\\main.py", "funcName": "processing_time", "lineno": 97}
{"timestamp": "2025-07-04 10:49:24", "logger": "uv_example", "level": "INFO", "message": "Request parameters are: <File upload - not read>", "pathname": "D:\\1_Playground\\uv_example\\app\\main.py", "funcName": "processing_time", "lineno": 98}
{"timestamp": "2025-07-04 10:49:24", "logger": "uv_example", "level": "INFO", "message": "Mongo Connnection Close Sucessfully", "pathname": "D:\\1_Playground\\uv_example\\app\\db\\mongodb.py", "funcName": "close_mongo_connection", "lineno": 40}
{"timestamp": "2025-07-04 10:49:38", "logger": "uv_example", "level": "INFO", "message": "Mongodb Connection Sucessfull", "pathname": "D:\\1_Playground\\uv_example\\app\\db\\mongodb.py", "funcName": "initialise_mongo", "lineno": 24}
{"timestamp": "2025-07-04 10:49:50", "logger": "uv_example", "level": "INFO", "message": "Skipping body logging for file upload", "pathname": "D:\\1_Playground\\uv_example\\app\\main.py", "funcName": "processing_time", "lineno": 83}
{"timestamp": "2025-07-04 10:53:07", "logger": "uv_example", "level": "INFO", "message": "POST http://localhost:8000/upload_file processed in  196.805063", "pathname": "D:\\1_Playground\\uv_example\\app\\main.py", "funcName": "processing_time", "lineno": 97}
{"timestamp": "2025-07-04 10:53:07", "logger": "uv_example", "level": "INFO", "message": "Request parameters are: <File upload - not read>", "pathname": "D:\\1_Playground\\uv_example\\app\\main.py", "funcName": "processing_time", "lineno": 98}
{"timestamp": "2025-07-04 10:53:07", "logger": "uv_example", "level": "INFO", "message": "Mongo Connnection Close Sucessfully", "pathname": "D:\\1_Playground\\uv_example\\app\\db\\mongodb.py", "funcName": "close_mongo_connection", "lineno": 40}
{"timestamp": "2025-07-04 10:53:22", "logger": "uv_example", "level": "INFO", "message": "Mongodb Connection Sucessfull", "pathname": "D:\\1_Playground\\uv_example\\app\\db\\mongodb.py", "funcName": "initialise_mongo", "lineno": 24}
{"timestamp": "2025-07-04 10:53:37", "logger": "uv_example", "level": "INFO", "message": "Skipping body logging for file upload", "pathname": "D:\\1_Playground\\uv_example\\app\\main.py", "funcName": "processing_time", "lineno": 83}
{"timestamp": "2025-07-04 10:54:00", "logger": "uv_example", "level": "ERROR", "message": "MongoDB insert error: db already exists with different case already have: [dl-local] trying to create [DL-Local], full error: {'index': 0, 'code': 13297, 'errmsg': 'db already exists with different case already have: [dl-local] trying to create [DL-Local]'}", "pathname": "D:\\1_Playground\\uv_example\\app\\services\\mongo_services.py", "funcName": "insert_document", "lineno": 53}
{"timestamp": "2025-07-04 10:54:18", "logger": "uv_example", "level": "INFO", "message": "POST http://localhost:8000/upload_file processed in  41.331380", "pathname": "D:\\1_Playground\\uv_example\\app\\main.py", "funcName": "processing_time", "lineno": 97}
{"timestamp": "2025-07-04 10:54:18", "logger": "uv_example", "level": "INFO", "message": "Request parameters are: <File upload - not read>", "pathname": "D:\\1_Playground\\uv_example\\app\\main.py", "funcName": "processing_time", "lineno": 98}
{"timestamp": "2025-07-04 10:54:39", "logger": "uv_example", "level": "INFO", "message": "Skipping body logging for file upload", "pathname": "D:\\1_Playground\\uv_example\\app\\main.py", "funcName": "processing_time", "lineno": 83}
{"timestamp": "2025-07-04 10:55:10", "logger": "uv_example", "level": "ERROR", "message": "MongoDB insert error: db already exists with different case already have: [dl-local] trying to create [DL-Local], full error: {'index': 0, 'code': 13297, 'errmsg': 'db already exists with different case already have: [dl-local] trying to create [DL-Local]'}", "pathname": "D:\\1_Playground\\uv_example\\app\\services\\mongo_services.py", "funcName": "insert_document", "lineno": 53}
{"timestamp": "2025-07-04 10:56:40", "logger": "uv_example", "level": "INFO", "message": "POST http://localhost:8000/upload_file processed in  120.263908", "pathname": "D:\\1_Playground\\uv_example\\app\\main.py", "funcName": "processing_time", "lineno": 97}
{"timestamp": "2025-07-04 10:56:40", "logger": "uv_example", "level": "INFO", "message": "Request parameters are: <File upload - not read>", "pathname": "D:\\1_Playground\\uv_example\\app\\main.py", "funcName": "processing_time", "lineno": 98}
{"timestamp": "2025-07-04 10:56:40", "logger": "uv_example", "level": "INFO", "message": "Mongo Connnection Close Sucessfully", "pathname": "D:\\1_Playground\\uv_example\\app\\db\\mongodb.py", "funcName": "close_mongo_connection", "lineno": 40}
{"timestamp": "2025-07-04 10:56:54", "logger": "uv_example", "level": "INFO", "message": "Mongodb Connection Sucessfull", "pathname": "D:\\1_Playground\\uv_example\\app\\db\\mongodb.py", "funcName": "initialise_mongo", "lineno": 24}
{"timestamp": "2025-07-04 10:57:02", "logger": "uv_example", "level": "INFO", "message": "Mongo Connnection Close Sucessfully", "pathname": "D:\\1_Playground\\uv_example\\app\\db\\mongodb.py", "funcName": "close_mongo_connection", "lineno": 40}
{"timestamp": "2025-07-04 10:57:15", "logger": "uv_example", "level": "INFO", "message": "Mongodb Connection Sucessfull", "pathname": "D:\\1_Playground\\uv_example\\app\\db\\mongodb.py", "funcName": "initialise_mongo", "lineno": 24}
{"timestamp": "2025-07-04 10:57:29", "logger": "uv_example", "level": "INFO", "message": "Skipping body logging for file upload", "pathname": "D:\\1_Playground\\uv_example\\app\\main.py", "funcName": "processing_time", "lineno": 83}
{"timestamp": "2025-07-04 10:57:45", "logger": "uv_example", "level": "INFO", "message": "Inserted document into 'budgets' with ID: 6867664f9751fa548c3e758e", "pathname": "D:\\1_Playground\\uv_example\\app\\services\\mongo_services.py", "funcName": "insert_document", "lineno": 43}
{"timestamp": "2025-07-04 10:57:51", "logger": "uv_example", "level": "INFO", "message": "POST http://localhost:8000/upload_file processed in  21.464211", "pathname": "D:\\1_Playground\\uv_example\\app\\main.py", "funcName": "processing_time", "lineno": 97}
{"timestamp": "2025-07-04 10:57:51", "logger": "uv_example", "level": "INFO", "message": "Request parameters are: <File upload - not read>", "pathname": "D:\\1_Playground\\uv_example\\app\\main.py", "funcName": "processing_time", "lineno": 98}
{"timestamp": "2025-07-04 11:00:03", "logger": "uv_example", "level": "INFO", "message": "Mongo Connnection Close Sucessfully", "pathname": "D:\\1_Playground\\uv_example\\app\\db\\mongodb.py", "funcName": "close_mongo_connection", "lineno": 40}
{"timestamp": "2025-07-04 11:00:17", "logger": "uv_example", "level": "INFO", "message": "Mongodb Connection Sucessfull", "pathname": "D:\\1_Playground\\uv_example\\app\\db\\mongodb.py", "funcName": "initialise_mongo", "lineno": 24}
